18:52:43,256 (pool-1-thread-1) DEBUG [DataNucleus.Persistence] - ExecutionContext "org.datanucleus.ExecutionContextImpl@343d7ed4" se abrió para la base de datos "org.datanucleus.store.rdbms.RDBMSStoreManager@1b26756e" con transaccion="org.datanucleus.TransactionImpl@5487fb36"
18:52:43,256 (pool-1-thread-1) DEBUG [DataNucleus.Query] - Query de SQL : "SELECT * FROM PROMOCION"
18:52:43,256 (pool-1-thread-1) DEBUG [DataNucleus.Connection] - ManagedConnection ABIERTO : "org.datanucleus.store.rdbms.ConnectionFactoryImpl$ManagedConnectionImpl@335fff91 [conn=org.datanucleus.store.rdbms.datasource.dbcp2.PoolingDataSource$PoolGuardConnectionWrapper@6c4bfcf0, commitOnRelease=true, closeOnRelease=true, closeOnTxnEnd=true]" en resource "nontx" con isolación "read-committed" y auto-commit=false
18:52:43,257 (pool-1-thread-1) DEBUG [DataNucleus.Datastore] - Utilizando PreparedStatement "oracle.jdbc.driver.OraclePreparedStatementWrapper@7fee404" para la conneccion "org.datanucleus.store.rdbms.datasource.dbcp2.PoolingDataSource$PoolGuardConnectionWrapper@6c4bfcf0"
18:52:43,257 (pool-1-thread-1) DEBUG [DataNucleus.Datastore.Native] - SELECT * FROM PROMOCION
18:52:43,272 (pool-1-thread-1) DEBUG [DataNucleus.Datastore.Retrieve] - SQL Tiempo de cumplir = 15 ms
18:52:43,273 (pool-1-thread-1) DEBUG [DataNucleus.Connection] - ManagedConnection VA A COMMIT : "org.datanucleus.store.rdbms.ConnectionFactoryImpl$ManagedConnectionImpl@335fff91 [conn=org.datanucleus.store.rdbms.datasource.dbcp2.PoolingDataSource$PoolGuardConnectionWrapper@6c4bfcf0, commitOnRelease=true, closeOnRelease=true, closeOnTxnEnd=true]"
18:52:43,289 (pool-1-thread-1) DEBUG [DataNucleus.Query] - Leyendo los resultados del query "org.datanucleus.store.rdbms.query.SQLQuery@6dd8cc0f" como la conneccion va a cerrar o cometer
18:52:43,289 (pool-1-thread-1) DEBUG [DataNucleus.Query] - La clase de resultado "uniandes.superAndes.negocio.Promocion" no tiene un constructor con arguments de tipos [class java.math.BigDecimal, class java.sql.Timestamp, class java.sql.Timestamp, class java.math.BigDecimal, null, class java.math.BigDecimal, null, null, class java.math.BigDecimal]
18:52:43,289 (pool-1-thread-1) DEBUG [DataNucleus.Query] - La clase de resultado "uniandes.superAndes.negocio.Promocion" no tiene un campo publico "id"
18:52:43,289 (pool-1-thread-1) DEBUG [DataNucleus.Query] - ResultObject set field=ID using setId() method after converting value
18:52:43,289 (pool-1-thread-1) DEBUG [DataNucleus.Query] - La clase de resultado "uniandes.superAndes.negocio.Promocion" no tiene un campo publico "fechaInicial"
18:52:43,290 (pool-1-thread-1) DEBUG [DataNucleus.Query] - ResultObject set field=FECHAINICIAL using setFechaInicial() method after converting value
18:52:43,290 (pool-1-thread-1) DEBUG [DataNucleus.Query] - La clase de resultado "uniandes.superAndes.negocio.Promocion" no tiene un campo publico "fechaFinal"
18:52:43,290 (pool-1-thread-1) DEBUG [DataNucleus.Query] - ResultObject set field=FECHAFINAL using setFechaFinal() method after converting value
18:52:43,290 (pool-1-thread-1) DEBUG [DataNucleus.Query] - La clase de resultado "uniandes.superAndes.negocio.Promocion" no tiene un campo publico "precio"
18:52:43,290 (pool-1-thread-1) DEBUG [DataNucleus.Query] - ResultObject set field=PRECIO using setPrecio() method after converting value
18:52:43,290 (pool-1-thread-1) DEBUG [DataNucleus.Query] - La clase de resultado "uniandes.superAndes.negocio.Promocion" no tiene un campo publico "pagueNLleveM"
18:52:43,290 (pool-1-thread-1) DEBUG [DataNucleus.Query] - ResultObject set field=PAGUENLLEVEM using public setPagueNLleveM() method
18:52:43,290 (pool-1-thread-1) DEBUG [DataNucleus.Query] - La clase de resultado "uniandes.superAndes.negocio.Promocion" no tiene un campo publico "descuentoPorcentaje"
18:52:43,290 (pool-1-thread-1) DEBUG [DataNucleus.Query] - ResultObject set field=DESCUENTOPORCENTAJE using setDescuentoPorcentaje() method after converting value
18:52:43,290 (pool-1-thread-1) DEBUG [DataNucleus.Query] - La clase de resultado "uniandes.superAndes.negocio.Promocion" no tiene un campo publico "pagueXLleveY"
18:52:43,290 (pool-1-thread-1) DEBUG [DataNucleus.Query] - ResultObject set field=PAGUEXLLEVEY using public setPagueXLleveY() method
18:52:43,290 (pool-1-thread-1) DEBUG [DataNucleus.Query] - La clase de resultado "uniandes.superAndes.negocio.Promocion" no tiene un campo publico "pague1Lleve2Porcentaje"
18:52:43,290 (pool-1-thread-1) DEBUG [DataNucleus.Query] - ResultObject set field=PAGUE1LLEVE2PORCENTAJE using public setPague1Lleve2Porcentaje() method
18:52:43,290 (pool-1-thread-1) DEBUG [DataNucleus.Query] - La clase de resultado "uniandes.superAndes.negocio.Promocion" no tiene un campo publico "idProducto"
18:52:43,290 (pool-1-thread-1) DEBUG [DataNucleus.Query] - ResultObject set field=IDPRODUCTO using setIdProducto() method after converting value
18:52:43,290 (pool-1-thread-1) DEBUG [DataNucleus.Connection] - ManagedConnection CERRADO : "org.datanucleus.store.rdbms.ConnectionFactoryImpl$ManagedConnectionImpl@335fff91 [conn=org.datanucleus.store.rdbms.datasource.dbcp2.PoolingDataSource$PoolGuardConnectionWrapper@6c4bfcf0, commitOnRelease=true, closeOnRelease=true, closeOnTxnEnd=true]" 
18:52:43,320 (pool-1-thread-1) DEBUG [DataNucleus.Persistence] - ExecutionContext "org.datanucleus.ExecutionContextImpl@1ae8ac88" se abrió para la base de datos "org.datanucleus.store.rdbms.RDBMSStoreManager@1b26756e" con transaccion="org.datanucleus.TransactionImpl@29777f59"
18:52:43,321 (pool-1-thread-1) DEBUG [DataNucleus.Query] - Query de SQL : "SELECT * FROM PRODUCTO WHERE id = ?"
18:52:43,321 (pool-1-thread-1) DEBUG [DataNucleus.Connection] - ManagedConnection ABIERTO : "org.datanucleus.store.rdbms.ConnectionFactoryImpl$ManagedConnectionImpl@3426fb20 [conn=org.datanucleus.store.rdbms.datasource.dbcp2.PoolingDataSource$PoolGuardConnectionWrapper@6bf59dc0, commitOnRelease=true, closeOnRelease=true, closeOnTxnEnd=true]" en resource "nontx" con isolación "read-committed" y auto-commit=false
18:52:43,321 (pool-1-thread-1) DEBUG [DataNucleus.Datastore] - Utilizando PreparedStatement "oracle.jdbc.driver.OraclePreparedStatementWrapper@79eaaa50" para la conneccion "org.datanucleus.store.rdbms.datasource.dbcp2.PoolingDataSource$PoolGuardConnectionWrapper@6bf59dc0"
18:52:43,321 (pool-1-thread-1) DEBUG [DataNucleus.Datastore.Native] - SELECT * FROM PRODUCTO WHERE id = <161>
18:52:43,406 (pool-1-thread-1) DEBUG [DataNucleus.Datastore.Retrieve] - SQL Tiempo de cumplir = 85 ms
18:52:43,407 (pool-1-thread-1) DEBUG [DataNucleus.Connection] - ManagedConnection VA A COMMIT : "org.datanucleus.store.rdbms.ConnectionFactoryImpl$ManagedConnectionImpl@3426fb20 [conn=org.datanucleus.store.rdbms.datasource.dbcp2.PoolingDataSource$PoolGuardConnectionWrapper@6bf59dc0, commitOnRelease=true, closeOnRelease=true, closeOnTxnEnd=true]"
18:52:43,517 (pool-1-thread-1) DEBUG [DataNucleus.Query] - Leyendo los resultados del query "org.datanucleus.store.rdbms.query.SQLQuery@aa74008e" como la conneccion va a cerrar o cometer
18:52:43,517 (pool-1-thread-1) DEBUG [DataNucleus.Query] - La clase de resultado "uniandes.superAndes.negocio.Producto" no tiene un constructor con arguments de tipos [class java.math.BigDecimal, class java.lang.String, class java.lang.String, null, class java.sql.Timestamp, class java.math.BigDecimal, class java.lang.String, class java.math.BigDecimal, class java.lang.String, class java.math.BigDecimal, class java.math.BigDecimal, class java.math.BigDecimal, class java.math.BigDecimal, class java.math.BigDecimal, class java.math.BigDecimal, class java.math.BigDecimal, class java.lang.String]
18:52:43,517 (pool-1-thread-1) DEBUG [DataNucleus.Query] - La clase de resultado "uniandes.superAndes.negocio.Producto" no tiene un campo publico "id"
18:52:43,518 (pool-1-thread-1) DEBUG [DataNucleus.Query] - ResultObject set field=ID using setId() method after converting value
18:52:43,518 (pool-1-thread-1) DEBUG [DataNucleus.Query] - La clase de resultado "uniandes.superAndes.negocio.Producto" no tiene un campo publico "codigoBarras"
18:52:43,518 (pool-1-thread-1) DEBUG [DataNucleus.Query] - ResultObject set field=CODIGOBARRAS using public setCodigoBarras() method
18:52:43,518 (pool-1-thread-1) DEBUG [DataNucleus.Query] - La clase de resultado "uniandes.superAndes.negocio.Producto" no tiene un campo publico "unidadMedida"
18:52:43,518 (pool-1-thread-1) DEBUG [DataNucleus.Query] - ResultObject set field=UNIDADMEDIDA using public setUnidadMedida() method
18:52:43,518 (pool-1-thread-1) DEBUG [DataNucleus.Query] - La clase de resultado "uniandes.superAndes.negocio.Producto" no tiene un campo publico "calidad"
18:52:43,518 (pool-1-thread-1) DEBUG [DataNucleus.Query] - ResultObject set field=CALIDAD using public setCalidad() method
18:52:43,518 (pool-1-thread-1) DEBUG [DataNucleus.Query] - La clase de resultado "uniandes.superAndes.negocio.Producto" no tiene un campo publico "fechaVencimiento"
18:52:43,518 (pool-1-thread-1) DEBUG [DataNucleus.Query] - ResultObject set field=FECHAVENCIMIENTO using setFechaVencimiento() method after converting value
18:52:43,518 (pool-1-thread-1) DEBUG [DataNucleus.Query] - La clase de resultado "uniandes.superAndes.negocio.Producto" no tiene un campo publico "nivelReorden"
18:52:43,518 (pool-1-thread-1) DEBUG [DataNucleus.Query] - ResultObject set field=NIVELREORDEN using setNivelReorden() method after converting value
18:52:43,518 (pool-1-thread-1) DEBUG [DataNucleus.Query] - La clase de resultado "uniandes.superAndes.negocio.Producto" no tiene un campo publico "marca"
18:52:43,518 (pool-1-thread-1) DEBUG [DataNucleus.Query] - ResultObject set field=MARCA using public setMarca() method
18:52:43,518 (pool-1-thread-1) DEBUG [DataNucleus.Query] - La clase de resultado "uniandes.superAndes.negocio.Producto" no tiene un campo publico "precioUnitario"
18:52:43,518 (pool-1-thread-1) DEBUG [DataNucleus.Query] - ResultObject set field=PRECIOUNITARIO using setPrecioUnitario() method after converting value
18:52:43,518 (pool-1-thread-1) DEBUG [DataNucleus.Query] - La clase de resultado "uniandes.superAndes.negocio.Producto" no tiene un campo publico "presentacion"
18:52:43,518 (pool-1-thread-1) DEBUG [DataNucleus.Query] - ResultObject set field=PRESENTACION using public setPresentacion() method
18:52:43,518 (pool-1-thread-1) DEBUG [DataNucleus.Query] - La clase de resultado "uniandes.superAndes.negocio.Producto" no tiene un campo publico "precioUnidadMedida"
18:52:43,519 (pool-1-thread-1) DEBUG [DataNucleus.Query] - ResultObject set field=PRECIOUNIDADMEDIDA using setPrecioUnidadMedida() method after converting value
18:52:43,519 (pool-1-thread-1) DEBUG [DataNucleus.Query] - La clase de resultado "uniandes.superAndes.negocio.Producto" no tiene un campo publico "cantidadEnLaPresentacion"
18:52:43,519 (pool-1-thread-1) DEBUG [DataNucleus.Query] - ResultObject set field=CANTIDADENLAPRESENTACION using setCantidadEnLaPresentacion() method after converting value
18:52:43,519 (pool-1-thread-1) DEBUG [DataNucleus.Query] - La clase de resultado "uniandes.superAndes.negocio.Producto" no tiene un campo publico "categoria"
18:52:43,519 (pool-1-thread-1) DEBUG [DataNucleus.Query] - ResultObject set field=CATEGORIA using setCategoria() method after converting value
18:52:43,519 (pool-1-thread-1) DEBUG [DataNucleus.Query] - La clase de resultado "uniandes.superAndes.negocio.Producto" no tiene un campo publico "peso"
18:52:43,519 (pool-1-thread-1) DEBUG [DataNucleus.Query] - ResultObject set field=PESO using setPeso() method after converting value
18:52:43,519 (pool-1-thread-1) DEBUG [DataNucleus.Query] - La clase de resultado "uniandes.superAndes.negocio.Producto" no tiene un campo publico "volumen"
18:52:43,519 (pool-1-thread-1) DEBUG [DataNucleus.Query] - ResultObject set field=VOLUMEN using setVolumen() method after converting value
18:52:43,519 (pool-1-thread-1) DEBUG [DataNucleus.Query] - La clase de resultado "uniandes.superAndes.negocio.Producto" no tiene un campo publico "idProveedor"
18:52:43,519 (pool-1-thread-1) DEBUG [DataNucleus.Query] - ResultObject set field=IDPROVEEDOR using setIdProveedor() method after converting value
18:52:43,519 (pool-1-thread-1) DEBUG [DataNucleus.Query] - La clase de resultado "uniandes.superAndes.negocio.Producto" no tiene un campo publico "cantidad"
18:52:43,519 (pool-1-thread-1) DEBUG [DataNucleus.Query] - ResultObject set field=CANTIDAD using setCantidad() method after converting value
18:52:43,519 (pool-1-thread-1) DEBUG [DataNucleus.Query] - La clase de resultado "uniandes.superAndes.negocio.Producto" no tiene un campo publico "nombre"
18:52:43,519 (pool-1-thread-1) DEBUG [DataNucleus.Query] - ResultObject set field=NOMBRE using public setNombre() method
18:52:43,520 (pool-1-thread-1) DEBUG [DataNucleus.Connection] - ManagedConnection CERRADO : "org.datanucleus.store.rdbms.ConnectionFactoryImpl$ManagedConnectionImpl@3426fb20 [conn=org.datanucleus.store.rdbms.datasource.dbcp2.PoolingDataSource$PoolGuardConnectionWrapper@6bf59dc0, commitOnRelease=true, closeOnRelease=true, closeOnTxnEnd=true]" 
18:52:44,016 (pool-1-thread-1) DEBUG [DataNucleus.Persistence] - ExecutionContext "org.datanucleus.ExecutionContextImpl@6858b8ad" se abrió para la base de datos "org.datanucleus.store.rdbms.RDBMSStoreManager@1b26756e" con transaccion="org.datanucleus.TransactionImpl@2f8433fb"
18:52:44,016 (pool-1-thread-1) DEBUG [DataNucleus.Query] - Query de SQL : "SELECT * FROM CARRITO WHERE idCliente IS NULL"
18:52:44,017 (pool-1-thread-1) DEBUG [DataNucleus.Connection] - ManagedConnection ABIERTO : "org.datanucleus.store.rdbms.ConnectionFactoryImpl$ManagedConnectionImpl@4df239a0 [conn=org.datanucleus.store.rdbms.datasource.dbcp2.PoolingDataSource$PoolGuardConnectionWrapper@60c27d63, commitOnRelease=true, closeOnRelease=true, closeOnTxnEnd=true]" en resource "nontx" con isolación "read-committed" y auto-commit=false
18:52:44,018 (pool-1-thread-1) DEBUG [DataNucleus.Datastore] - Utilizando PreparedStatement "oracle.jdbc.driver.OraclePreparedStatementWrapper@6e57916b" para la conneccion "org.datanucleus.store.rdbms.datasource.dbcp2.PoolingDataSource$PoolGuardConnectionWrapper@60c27d63"
18:52:44,018 (pool-1-thread-1) DEBUG [DataNucleus.Datastore.Native] - SELECT * FROM CARRITO WHERE idCliente IS NULL
18:52:44,136 (pool-1-thread-1) DEBUG [DataNucleus.Datastore.Retrieve] - SQL Tiempo de cumplir = 118 ms
18:52:44,136 (pool-1-thread-1) DEBUG [DataNucleus.Connection] - ManagedConnection VA A COMMIT : "org.datanucleus.store.rdbms.ConnectionFactoryImpl$ManagedConnectionImpl@4df239a0 [conn=org.datanucleus.store.rdbms.datasource.dbcp2.PoolingDataSource$PoolGuardConnectionWrapper@60c27d63, commitOnRelease=true, closeOnRelease=true, closeOnTxnEnd=true]"
18:52:44,156 (pool-1-thread-1) DEBUG [DataNucleus.Query] - Leyendo los resultados del query "org.datanucleus.store.rdbms.query.SQLQuery@ab335462" como la conneccion va a cerrar o cometer
18:52:44,157 (pool-1-thread-1) DEBUG [DataNucleus.Query] - La clase de resultado "uniandes.superAndes.negocio.CarritoCompras" no tiene un constructor con arguments de tipos [class java.math.BigDecimal, null, null]
18:52:44,157 (pool-1-thread-1) DEBUG [DataNucleus.Query] - La clase de resultado "uniandes.superAndes.negocio.CarritoCompras" no tiene un campo publico "id"
18:52:44,157 (pool-1-thread-1) DEBUG [DataNucleus.Query] - ResultObject set field=ID using setId() method after converting value
18:52:44,157 (pool-1-thread-1) DEBUG [DataNucleus.Query] - La clase de resultado "uniandes.superAndes.negocio.CarritoCompras" no tiene un campo publico "idCliente"
18:52:44,157 (pool-1-thread-1) DEBUG [DataNucleus.Query] - ResultObject set field=IDCLIENTE using public setIdCliente() method
18:52:44,158 (pool-1-thread-1) DEBUG [DataNucleus.Query] - La clase de resultado "uniandes.superAndes.negocio.CarritoCompras" no tiene un campo publico "fecha"
18:52:44,158 (pool-1-thread-1) DEBUG [DataNucleus.Query] - ResultObject set field=FECHA using public setFecha() method
18:52:44,158 (pool-1-thread-1) DEBUG [DataNucleus.Query] - La clase de resultado "uniandes.superAndes.negocio.CarritoCompras" no tiene un constructor con arguments de tipos [class java.math.BigDecimal, null, null]
18:52:44,158 (pool-1-thread-1) DEBUG [DataNucleus.Query] - La clase de resultado "uniandes.superAndes.negocio.CarritoCompras" no tiene un campo publico "id"
18:52:44,158 (pool-1-thread-1) DEBUG [DataNucleus.Query] - ResultObject set field=ID using setId() method after converting value
18:52:44,158 (pool-1-thread-1) DEBUG [DataNucleus.Query] - La clase de resultado "uniandes.superAndes.negocio.CarritoCompras" no tiene un campo publico "idCliente"
18:52:44,158 (pool-1-thread-1) DEBUG [DataNucleus.Query] - ResultObject set field=IDCLIENTE using public setIdCliente() method
18:52:44,158 (pool-1-thread-1) DEBUG [DataNucleus.Query] - La clase de resultado "uniandes.superAndes.negocio.CarritoCompras" no tiene un campo publico "fecha"
18:52:44,158 (pool-1-thread-1) DEBUG [DataNucleus.Query] - ResultObject set field=FECHA using public setFecha() method
18:52:44,159 (pool-1-thread-1) DEBUG [DataNucleus.Connection] - ManagedConnection CERRADO : "org.datanucleus.store.rdbms.ConnectionFactoryImpl$ManagedConnectionImpl@4df239a0 [conn=org.datanucleus.store.rdbms.datasource.dbcp2.PoolingDataSource$PoolGuardConnectionWrapper@60c27d63, commitOnRelease=true, closeOnRelease=true, closeOnTxnEnd=true]" 
18:52:44,179 (pool-1-thread-1) DEBUG [DataNucleus.Persistence] - ExecutionContext "org.datanucleus.ExecutionContextImpl@34018869" se abrió para la base de datos "org.datanucleus.store.rdbms.RDBMSStoreManager@1b26756e" con transaccion="org.datanucleus.TransactionImpl@47dbc2ef"
18:52:44,179 (pool-1-thread-1) DEBUG [DataNucleus.Query] - Query de SQL : "SELECT * FROM CARRITO_PRODUCTOS WHERE idCarrito = 319"
18:52:44,180 (pool-1-thread-1) DEBUG [DataNucleus.Connection] - ManagedConnection ABIERTO : "org.datanucleus.store.rdbms.ConnectionFactoryImpl$ManagedConnectionImpl@69544313 [conn=org.datanucleus.store.rdbms.datasource.dbcp2.PoolingDataSource$PoolGuardConnectionWrapper@512edc90, commitOnRelease=true, closeOnRelease=true, closeOnTxnEnd=true]" en resource "nontx" con isolación "read-committed" y auto-commit=false
18:52:44,180 (pool-1-thread-1) DEBUG [DataNucleus.Datastore] - Utilizando PreparedStatement "oracle.jdbc.driver.OraclePreparedStatementWrapper@48fbb0e0" para la conneccion "org.datanucleus.store.rdbms.datasource.dbcp2.PoolingDataSource$PoolGuardConnectionWrapper@512edc90"
18:52:44,181 (pool-1-thread-1) DEBUG [DataNucleus.Datastore.Native] - SELECT * FROM CARRITO_PRODUCTOS WHERE idCarrito = 319
18:52:44,213 (pool-1-thread-1) DEBUG [DataNucleus.Datastore.Retrieve] - SQL Tiempo de cumplir = 32 ms
18:52:44,214 (pool-1-thread-1) DEBUG [DataNucleus.Connection] - ManagedConnection VA A COMMIT : "org.datanucleus.store.rdbms.ConnectionFactoryImpl$ManagedConnectionImpl@69544313 [conn=org.datanucleus.store.rdbms.datasource.dbcp2.PoolingDataSource$PoolGuardConnectionWrapper@512edc90, commitOnRelease=true, closeOnRelease=true, closeOnTxnEnd=true]"
18:52:44,300 (pool-1-thread-1) DEBUG [DataNucleus.Connection] - ManagedConnection CERRADO : "org.datanucleus.store.rdbms.ConnectionFactoryImpl$ManagedConnectionImpl@69544313 [conn=org.datanucleus.store.rdbms.datasource.dbcp2.PoolingDataSource$PoolGuardConnectionWrapper@512edc90, commitOnRelease=true, closeOnRelease=true, closeOnTxnEnd=true]" 
18:52:44,650 (pool-1-thread-1) DEBUG [DataNucleus.Persistence] - ExecutionContext "org.datanucleus.ExecutionContextImpl@38efe783" se abrió para la base de datos "org.datanucleus.store.rdbms.RDBMSStoreManager@1b26756e" con transaccion="org.datanucleus.TransactionImpl@1f827652"
18:52:44,650 (pool-1-thread-1) DEBUG [DataNucleus.Query] - Query de SQL : "SELECT * FROM CARRITO_PRODUCTOS WHERE idCarrito = 319"
18:52:44,651 (pool-1-thread-1) DEBUG [DataNucleus.Connection] - ManagedConnection ABIERTO : "org.datanucleus.store.rdbms.ConnectionFactoryImpl$ManagedConnectionImpl@3ac26f57 [conn=org.datanucleus.store.rdbms.datasource.dbcp2.PoolingDataSource$PoolGuardConnectionWrapper@7d565473, commitOnRelease=true, closeOnRelease=true, closeOnTxnEnd=true]" en resource "nontx" con isolación "read-committed" y auto-commit=false
18:52:44,651 (pool-1-thread-1) DEBUG [DataNucleus.Datastore] - Utilizando PreparedStatement "oracle.jdbc.driver.OraclePreparedStatementWrapper@71ea9d6d" para la conneccion "org.datanucleus.store.rdbms.datasource.dbcp2.PoolingDataSource$PoolGuardConnectionWrapper@7d565473"
18:52:44,651 (pool-1-thread-1) DEBUG [DataNucleus.Datastore.Native] - SELECT * FROM CARRITO_PRODUCTOS WHERE idCarrito = 319
18:52:44,736 (pool-1-thread-1) DEBUG [DataNucleus.Datastore.Retrieve] - SQL Tiempo de cumplir = 85 ms
18:52:44,737 (pool-1-thread-1) DEBUG [DataNucleus.Connection] - ManagedConnection VA A COMMIT : "org.datanucleus.store.rdbms.ConnectionFactoryImpl$ManagedConnectionImpl@3ac26f57 [conn=org.datanucleus.store.rdbms.datasource.dbcp2.PoolingDataSource$PoolGuardConnectionWrapper@7d565473, commitOnRelease=true, closeOnRelease=true, closeOnTxnEnd=true]"
18:52:44,830 (pool-1-thread-1) DEBUG [DataNucleus.Connection] - ManagedConnection CERRADO : "org.datanucleus.store.rdbms.ConnectionFactoryImpl$ManagedConnectionImpl@3ac26f57 [conn=org.datanucleus.store.rdbms.datasource.dbcp2.PoolingDataSource$PoolGuardConnectionWrapper@7d565473, commitOnRelease=true, closeOnRelease=true, closeOnTxnEnd=true]" 
18:52:45,201 (pool-1-thread-1) DEBUG [DataNucleus.Persistence] - ExecutionContext "org.datanucleus.ExecutionContextImpl@f8875c8" se abrió para la base de datos "org.datanucleus.store.rdbms.RDBMSStoreManager@1b26756e" con transaccion="org.datanucleus.TransactionImpl@40324d86"
18:52:45,201 (pool-1-thread-1) DEBUG [DataNucleus.Query] - Query de SQL : "SELECT * FROM CARRITO_PRODUCTOS WHERE idCarrito = 312"
18:52:45,201 (pool-1-thread-1) DEBUG [DataNucleus.Connection] - ManagedConnection ABIERTO : "org.datanucleus.store.rdbms.ConnectionFactoryImpl$ManagedConnectionImpl@b9586f7 [conn=org.datanucleus.store.rdbms.datasource.dbcp2.PoolingDataSource$PoolGuardConnectionWrapper@47ff9478, commitOnRelease=true, closeOnRelease=true, closeOnTxnEnd=true]" en resource "nontx" con isolación "read-committed" y auto-commit=false
18:52:45,202 (pool-1-thread-1) DEBUG [DataNucleus.Datastore] - Utilizando PreparedStatement "oracle.jdbc.driver.OraclePreparedStatementWrapper@1573bf7c" para la conneccion "org.datanucleus.store.rdbms.datasource.dbcp2.PoolingDataSource$PoolGuardConnectionWrapper@47ff9478"
18:52:45,202 (pool-1-thread-1) DEBUG [DataNucleus.Datastore.Native] - SELECT * FROM CARRITO_PRODUCTOS WHERE idCarrito = 312
